Traceback (most recent call last):
  File "/opt/hostedtoolcache/Python/3.9.20/x64/lib/python3.9/site-packages/jupyter_cache/executors/utils.py", line 58, in single_nb_execution
    executenb(
  File "/opt/hostedtoolcache/Python/3.9.20/x64/lib/python3.9/site-packages/nbclient/client.py", line 1314, in execute
    return NotebookClient(nb=nb, resources=resources, km=km, **kwargs).execute()
  File "/opt/hostedtoolcache/Python/3.9.20/x64/lib/python3.9/site-packages/jupyter_core/utils/__init__.py", line 165, in wrapped
    return loop.run_until_complete(inner)
  File "/opt/hostedtoolcache/Python/3.9.20/x64/lib/python3.9/asyncio/base_events.py", line 647, in run_until_complete
    return future.result()
  File "/opt/hostedtoolcache/Python/3.9.20/x64/lib/python3.9/site-packages/nbclient/client.py", line 709, in async_execute
    await self.async_execute_cell(
  File "/opt/hostedtoolcache/Python/3.9.20/x64/lib/python3.9/site-packages/nbclient/client.py", line 1062, in async_execute_cell
    await self._check_raise_for_error(cell, cell_index, exec_reply)
  File "/opt/hostedtoolcache/Python/3.9.20/x64/lib/python3.9/site-packages/nbclient/client.py", line 918, in _check_raise_for_error
    raise CellExecutionError.from_cell_and_msg(cell, exec_reply_content)
nbclient.exceptions.CellExecutionError: An error occurred while executing the following cell:
------------------
forma_pagamento = "pix"

valor_tota_compra = 1_000

if forma_pagamento == "cartao_credito":
    taxa = valor_tota_compra * 0.02  # 2% de juros
    total = valor_tota_compra + taxa

elif forma_pagamentos == "boleto":
    desconto = valor_tota_compra * 0.05
    total = valor_tota_compra - desconto

elif forma_pagamentos == "pix":
    desconto = valor_tota_compra * 0.10
    total = valor_tota_compra - desconto

print(f"Pagamento de R${total:.2f} processado via {forma_pagamento}.")
------------------


[0;31m---------------------------------------------------------------------------[0m
[0;31mNameError[0m                                 Traceback (most recent call last)
Cell [0;32mIn[6], line 17[0m
[1;32m     14[0m     desconto [38;5;241m=[39m valor_tota_compra [38;5;241m*[39m [38;5;241m0.10[39m
[1;32m     15[0m     total [38;5;241m=[39m valor_tota_compra [38;5;241m-[39m desconto
[0;32m---> 17[0m [38;5;28mprint[39m([38;5;124mf[39m[38;5;124m"[39m[38;5;124mPagamento de R$[39m[38;5;132;01m{[39;00mtotal[38;5;132;01m:[39;00m[38;5;124m.2f[39m[38;5;132;01m}[39;00m[38;5;124m processado via [39m[38;5;132;01m{[39;00mforma_pagamento[38;5;132;01m}[39;00m[38;5;124m.[39m[38;5;124m"[39m)

[0;31mNameError[0m: name 'total' is not defined

